<?xml version="1.0" encoding="UTF-8"?>
<!-- Generated by org.testng.reporters.JUnitReportReporter -->
<testsuite hostname="LT0152392" failures="0" tests="3" name="Jiochat.tests.SubmitOrderTest" time="35.998" errors="0" timestamp="11 May 2023 18:48:23 GMT" skipped="0">
  <testcase classname="Jiochat.tests.SubmitOrderTest" name="OrderHistoryTest" time="9.220"/>
  <testcase classname="Jiochat.tests.SubmitOrderTest" name="submitOrder" time="13.678"/>
  <testcase classname="Jiochat.tests.SubmitOrderTest" name="submitOrder" time="13.100"/>
</testsuite> <!-- Jiochat.tests.SubmitOrderTest -->
